<?xml version="1.0" encoding="UTF-8"?>
<!-- Generated by org.testng.reporters.JUnitXMLReporter -->
<testsuite hostname="DESKTOP-TLBTJMO" ignored="0" name="Surefire test" tests="1" failures="1" timestamp="2021-09-09T13:17:02 CDT" time="0.029" errors="0">
  <testcase name="launcheBayApp" time="0.003" classname="com.techbee.selenim.demo2.ebayHomePageTest">
    <failure type="java.lang.NullPointerException">
      <![CDATA[java.lang.NullPointerException
at resources.Base.init(Base.java:20)
at com.techbee.selenim.demo2.ebayHomePageTest.launcheBayApp(ebayHomePageTest.java:28)
at java.util.ArrayList.forEach(ArrayList.java:1259)
... Removed 32 stack frames]]>
    </failure>
  </testcase> <!-- launcheBayApp -->
</testsuite> <!-- Surefire test -->
