-------------------------------------------------------------------------------
Test set: com.techbee.selenim.demo2.ebayHomePageTest
-------------------------------------------------------------------------------
Tests run: 1, Failures: 1, Errors: 0, Skipped: 0, Time elapsed: 0.446 s <<< FAILURE! - in com.techbee.selenim.demo2.ebayHomePageTest
launcheBayApp(com.techbee.selenim.demo2.ebayHomePageTest)  Time elapsed: 0.007 s  <<< FAILURE!
java.lang.NullPointerException
	at com.techbee.selenim.demo2.ebayHomePageTest.launcheBayApp(ebayHomePageTest.java:28)

