<?xml version="1.0" encoding="UTF-8"?>
<testsuite xmlns:xsi="http://www.w3.org/2001/XMLSchema-instance" xsi:noNamespaceSchemaLocation="https://maven.apache.org/surefire/maven-surefire-plugin/xsd/surefire-test-report.xsd" name="com.techbee.selenim.demo2.ebayHomePageTest" time="0.446" tests="1" errors="0" skipped="0" failures="1">
  <properties>
[...]
</properties>
  <testcase name="launcheBayApp" classname="com.techbee.selenim.demo2.ebayHomePageTest" time="0.007">
    <failure type="java.lang.NullPointerException">java.lang.NullPointerException
	at com.techbee.selenim.demo2.ebayHomePageTest.launcheBayApp(ebayHomePageTest.java:28)
</failure>
  </testcase>
</testsuite>